<?xml version="1.0" encoding="UTF-8"?>
<!-- Generated by org.testng.reporters.JUnitXMLReporter -->
<testsuite hostname="lbartashuk-pc" name="Command line test" tests="1" failures="1" timestamp="9 Aug 2017 16:02:37 GMT" time="83.561" errors="0">
  <testcase name="Order" time="83.539" classname="com.chch.test.TestOrder">
    <failure type="java.lang.AssertionError" message="expected [Checkout] but found [Success Page]">
      <![CDATA[java.lang.AssertionError: expected [Checkout] but found [Success Page]
	at com.chch.common.WebDriverUtility.compareTitle(WebDriverUtility.java:68)
	at com.chch.test.TestOrder.Order(TestOrder.java:38)
	at org.apache.maven.surefire.testng.TestNGExecutor.run(TestNGExecutor.java:77)
	at org.apache.maven.surefire.testng.TestNGDirectoryTestSuite.execute(TestNGDirectoryTestSuite.java:110)
	at org.apache.maven.surefire.testng.TestNGProvider.invoke(TestNGProvider.java:106)
	at org.apache.maven.surefire.util.ReflectionUtils.invokeMethodWithArray(ReflectionUtils.java:189)
	at org.apache.maven.surefire.booter.ProviderFactory$ProviderProxy.invoke(ProviderFactory.java:165)
	at org.apache.maven.surefire.booter.ProviderFactory.invokeProvider(ProviderFactory.java:85)
	at org.apache.maven.surefire.booter.ForkedBooter.runSuitesInProcess(ForkedBooter.java:115)
	at org.apache.maven.surefire.booter.ForkedBooter.main(ForkedBooter.java:75)
... Removed 30 stack frames]]>
    </failure>
  </testcase> <!-- Order -->
</testsuite> <!-- Command line test -->
