-------------------------------------------------------------------------------
Test set: com.chch.test.TestOrder
-------------------------------------------------------------------------------
Tests run: 1, Failures: 1, Errors: 0, Skipped: 0, Time elapsed: 85.791 sec <<< FAILURE!
Order(com.chch.test.TestOrder)  Time elapsed: 83.55 sec  <<< FAILURE!
java.lang.AssertionError: expected [Checkout] but found [Success Page]
	at org.testng.Assert.fail(Assert.java:94)
	at org.testng.Assert.failNotEquals(Assert.java:494)
	at org.testng.Assert.assertEquals(Assert.java:123)
	at org.testng.Assert.assertEquals(Assert.java:176)
	at org.testng.Assert.assertEquals(Assert.java:186)
	at com.chch.common.WebDriverUtility.compareTitle(WebDriverUtility.java:68)
	at com.chch.test.TestOrder.Order(TestOrder.java:38)

